features/base/build/outputs/logs/manifest-merger-release-report.txt
-- Merging decision tree log ---
manifest
ADDED from src/main/AndroidManifest.xml:2:1-14:12
INJECTED from src/main/AndroidManifest.xml:2:1-14:12
INJECTED from src/main/AndroidManifest.xml:2:1-14:12
INJECTED from src/main/AndroidManifest.xml:2:1-14:12
MERGED from [com.android.support:appcompat-v7:27.0.1] AndroidManifest.xml:17:1-22:12
MERGED from [com.android.support:support-fragment:27.0.1] AndroidManifest.xml:17:1-22:12
MERGED from [com.android.support:support-core-utils:27.0.1] AndroidManifest.xml:17:1-22:12
MERGED from [com.android.support:animated-vector-drawable:27.0.1] AndroidManifest.xml:17:1-22:12
MERGED from [com.android.support:support-vector-drawable:27.0.1] AndroidManifest.xml:17:1-22:12
MERGED from [com.android.support:support-core-ui:27.0.1] AndroidManifest.xml:17:1-22:12
MERGED from [com.android.support:support-compat:27.0.1] AndroidManifest.xml:17:1-22:12
MERGED from [android.arch.lifecycle:runtime:1.0.0] AndroidManifest.xml:17:1-30:12
MERGED from [:features:bye] AndroidManifest.xml:2:1-35:12
MERGED from [:features:hello] AndroidManifest.xml:2:1-45:12
INJECTED from src/main/AndroidManifest.xml:2:1-14:12
INJECTED from src/main/AndroidManifest.xml:2:1-14:12
INJECTED from src/main/AndroidManifest.xml:2:1-14:12
	package
		ADDED from src/main/AndroidManifest.xml:3:11-44
		INJECTED from src/main/AndroidManifest.xml
		INJECTED from src/main/AndroidManifest.xml
	android:versionName
		INJECTED from src/main/AndroidManifest.xml
		ADDED from src/main/AndroidManifest.xml:2:1-14:12
		INJECTED from src/main/AndroidManifest.xml
	android:versionCode
		INJECTED from src/main/AndroidManifest.xml
		ADDED from src/main/AndroidManifest.xml:2:1-14:12
		INJECTED from src/main/AndroidManifest.xml
	xmlns:android
		ADDED from src/main/AndroidManifest.xml:2:11-69
uses-permission#android.permission.INTERNET
ADDED from src/main/AndroidManifest.xml:5:5-67
	android:name
		ADDED from src/main/AndroidManifest.xml:5:22-64
application
ADDED from src/main/AndroidManifest.xml:7:5-12:49
MERGED from [android.arch.lifecycle:runtime:1.0.0] AndroidManifest.xml:24:5-28:19
MERGED from [android.arch.lifecycle:runtime:1.0.0] AndroidManifest.xml:24:5-28:19
MERGED from [:features:bye] AndroidManifest.xml:13:5-33:19
MERGED from [:features:bye] AndroidManifest.xml:13:5-33:19
MERGED from [:features:hello] AndroidManifest.xml:13:5-43:19
MERGED from [:features:hello] AndroidManifest.xml:13:5-43:19
	android:supportsRtl
		ADDED from src/main/AndroidManifest.xml:11:13-39
	android:label
		ADDED from src/main/AndroidManifest.xml:9:13-45
	android:icon
		ADDED from src/main/AndroidManifest.xml:12:13-47
	android:allowBackup
		ADDED from src/main/AndroidManifest.xml:8:13-39
	android:theme
		ADDED from src/main/AndroidManifest.xml:10:13-44
uses-sdk
INJECTED from src/main/AndroidManifest.xml reason: use-sdk injection requested
INJECTED from src/main/AndroidManifest.xml
INJECTED from src/main/AndroidManifest.xml
MERGED from [com.android.support:appcompat-v7:27.0.1] AndroidManifest.xml:20:5-44
MERGED from [com.android.support:appcompat-v7:27.0.1] AndroidManifest.xml:20:5-44
MERGED from [com.android.support:support-fragment:27.0.1] AndroidManifest.xml:20:5-44
MERGED from [com.android.support:support-fragment:27.0.1] AndroidManifest.xml:20:5-44
MERGED from [com.android.support:support-core-utils:27.0.1] AndroidManifest.xml:20:5-44
MERGED from [com.android.support:support-core-utils:27.0.1] AndroidManifest.xml:20:5-44
MERGED from [com.android.support:animated-vector-drawable:27.0.1] AndroidManifest.xml:20:5-44
MERGED from [com.android.support:animated-vector-drawable:27.0.1] AndroidManifest.xml:20:5-44
MERGED from [com.android.support:support-vector-drawable:27.0.1] AndroidManifest.xml:20:5-44
MERGED from [com.android.support:support-vector-drawable:27.0.1] AndroidManifest.xml:20:5-44
MERGED from [com.android.support:support-core-ui:27.0.1] AndroidManifest.xml:20:5-44
MERGED from [com.android.support:support-core-ui:27.0.1] AndroidManifest.xml:20:5-44
MERGED from [com.android.support:support-compat:27.0.1] AndroidManifest.xml:20:5-44
MERGED from [com.android.support:support-compat:27.0.1] AndroidManifest.xml:20:5-44
MERGED from [android.arch.lifecycle:runtime:1.0.0] AndroidManifest.xml:20:5-22:41
MERGED from [android.arch.lifecycle:runtime:1.0.0] AndroidManifest.xml:20:5-22:41
MERGED from [:features:bye] AndroidManifest.xml:9:5-11:41
MERGED from [:features:bye] AndroidManifest.xml:9:5-11:41
MERGED from [:features:hello] AndroidManifest.xml:9:5-11:41
MERGED from [:features:hello] AndroidManifest.xml:9:5-11:41
INJECTED from src/main/AndroidManifest.xml
INJECTED from src/main/AndroidManifest.xml
	android:targetSdkVersion
		INJECTED from src/main/AndroidManifest.xml
		ADDED from src/main/AndroidManifest.xml
		INJECTED from src/main/AndroidManifest.xml
	android:minSdkVersion
		INJECTED from src/main/AndroidManifest.xml
		ADDED from src/main/AndroidManifest.xml
		INJECTED from src/main/AndroidManifest.xml
meta-data#android.arch.lifecycle.VERSION
ADDED from [android.arch.lifecycle:runtime:1.0.0] AndroidManifest.xml:25:9-27:47
	android:value
		ADDED from [android.arch.lifecycle:runtime:1.0.0] AndroidManifest.xml:27:13-44
	android:name
		ADDED from [android.arch.lifecycle:runtime:1.0.0] AndroidManifest.xml:26:13-58
activity#com.martin.feature.bye.GoodbyeActivity
ADDED from [:features:bye] AndroidManifest.xml:14:9-32:20
	android:label
		ADDED from [:features:bye] AndroidManifest.xml:16:13-59
	android:splitName
		ADDED from [:features:bye] AndroidManifest.xml:17:13-36
	android:theme
		ADDED from [:features:bye] AndroidManifest.xml:18:13-44
	android:name
		ADDED from [:features:bye] AndroidManifest.xml:15:13-66
intent-filter#action:name:android.intent.action.VIEW+category:name:android.intent.category.BROWSABLE+category:name:android.intent.category.DEFAULT+data:host:martinachov.github.io+data:pathPrefix:/goodbye+data:scheme:http+data:scheme:https
ADDED from [:features:bye] AndroidManifest.xml:19:13-31:29
	android:autoVerify
		ADDED from [:features:bye] AndroidManifest.xml:20:17-42
	android:order
		ADDED from [:features:bye] AndroidManifest.xml:21:17-34
action#android.intent.action.VIEW
ADDED from [:features:bye] AndroidManifest.xml:22:17-69
	android:name
		ADDED from [:features:bye] AndroidManifest.xml:22:25-66
category#android.intent.category.DEFAULT
ADDED from [:features:bye] AndroidManifest.xml:24:17-76
	android:name
		ADDED from [:features:bye] AndroidManifest.xml:24:27-73
category#android.intent.category.BROWSABLE
ADDED from [:features:bye] AndroidManifest.xml:25:17-78
	android:name
		ADDED from [:features:bye] AndroidManifest.xml:25:27-75
data
ADDED from [:features:bye] AndroidManifest.xml:27:17-48
	android:scheme
		ADDED from [:features:bye] AndroidManifest.xml:27:23-45
activity#com.martin.feature.hello.HelloActivity
ADDED from [:features:hello] AndroidManifest.xml:14:9-42:20
	android:label
		ADDED from [:features:hello] AndroidManifest.xml:16:13-57
	android:splitName
		ADDED from [:features:hello] AndroidManifest.xml:17:13-38
	android:theme
		ADDED from [:features:hello] AndroidManifest.xml:18:13-44
	android:name
		ADDED from [:features:hello] AndroidManifest.xml:15:13-66
intent-filter#action:name:android.intent.action.MAIN+category:name:android.intent.category.LAUNCHER
ADDED from [:features:hello] AndroidManifest.xml:19:13-23:29
	android:label
		ADDED from [:features:hello] AndroidManifest.xml:19:28-60
action#android.intent.action.MAIN
ADDED from [:features:hello] AndroidManifest.xml:20:17-69
	android:name
		ADDED from [:features:hello] AndroidManifest.xml:20:25-66
category#android.intent.category.LAUNCHER
ADDED from [:features:hello] AndroidManifest.xml:22:17-77
	android:name
		ADDED from [:features:hello] AndroidManifest.xml:22:27-74
meta-data#default-url
ADDED from [:features:hello] AndroidManifest.xml:25:13-27:71
	android:value
		ADDED from [:features:hello] AndroidManifest.xml:27:17-68
	android:name
		ADDED from [:features:hello] AndroidManifest.xml:26:17-43
intent-filter#action:name:android.intent.action.VIEW+category:name:android.intent.category.BROWSABLE+category:name:android.intent.category.DEFAULT+data:host:martinachov.github.io+data:pathPrefix:/hello+data:scheme:http+data:scheme:https
ADDED from [:features:hello] AndroidManifest.xml:29:13-41:29
	android:autoVerify
		ADDED from [:features:hello] AndroidManifest.xml:30:17-42
	android:order
		ADDED from [:features:hello] AndroidManifest.xml:31:17-34